
> web@0.1.0 build
> next build

node.exe : ΓÜá `eslint` configuration in 
next.config.ts is no longer supported. 
See more info here: https://nextjs.org/doc
s/app/api-reference/cli/next#next-lint-opt
ions
At line:1 char:1
+ & "C:\Program Files\nodejs/node.exe" 
"C:\Program Files\nodejs/node_mo ...
+ ~~~~~~~~~~~~~~~~~~~~~~~~~~~~~~~~~~~~~~~~
~~~~~~~~~~~~~~~~~~~~~~~~~~~~~
    + CategoryInfo          : NotSpecifie 
   d: (ΓÜá `eslint` co...xt-lint-options  
  :String) [], RemoteException
    + FullyQualifiedErrorId : NativeComma 
   ndError
 
ΓÜá Invalid next.config.ts options 
detected: 
ΓÜá     Unrecognized key(s) in object: 
'eslint'
ΓÜá See more info here: https://nextjs.org
/docs/messages/invalid-next-config
Γû▓ Next.js 16.1.1 (Turbopack)
- Environments: .env.local

ΓÜá The "middleware" file convention is 
deprecated. Please use "proxy" instead. 
Learn more: https://nextjs.org/docs/messag
es/middleware-to-proxy
  Creating an optimized production build ...
Γ£ô Compiled successfully in 5.7s
  Skipping validation of types
  Collecting page data using 13 workers ...
  Generating static pages using 13 workers (0/8) ...
(node:18852) Warning: 
`--localstorage-file` was provided 
without a valid path
(Use `node --trace-warnings ...` to show 
where the warning was created)
Γ¿» useSearchParams() should be wrapped 
in a suspense boundary at page 
"/anomalies". Read more: https://nextjs.or
g/docs/messages/missing-suspense-with-csr-
bailout
    at Q (D:\College\College Projects\Resp
ira-AI\apps\web\.next\server\chunks\ssr\no
de_modules_cf1f3d2c._.js:2:2111)
    at o (D:\College\College Projects\Resp
ira-AI\apps\web\.next\server\chunks\ssr\no
de_modules_cf1f3d2c._.js:4:5284)
    at ar (D:\College\College Projects\Res
pira-AI\apps\web\.next\server\chunks\ssr\_
55091359._.js:5:2582)
    at an (D:\College\College Projects\Res
pira-AI\apps\web\node_modules\next\dist\co
mpiled\next-server\app-page-turbo.runtime.
prod.js:2:84360)
    at ai (D:\College\College Projects\Res
pira-AI\apps\web\node_modules\next\dist\co
mpiled\next-server\app-page-turbo.runtime.
prod.js:2:86179)
    at ai (D:\College\College Projects\Res
pira-AI\apps\web\node_modules\next\dist\co
mpiled\next-server\app-page-turbo.runtime.
prod.js:2:104708)
    at al (D:\College\College Projects\Res
pira-AI\apps\web\node_modules\next\dist\co
mpiled\next-server\app-page-turbo.runtime.
prod.js:2:107953)
    at as (D:\College\College Projects\Res
pira-AI\apps\web\node_modules\next\dist\co
mpiled\next-server\app-page-turbo.runtime.
prod.js:2:105368)
    at am (D:\College\College Projects\Res
pira-AI\apps\web\node_modules\next\dist\co
mpiled\next-server\app-page-turbo.runtime.
prod.js:2:112882)
    at au (D:\College\College Projects\Res
pira-AI\apps\web\node_modules\next\dist\co
mpiled\next-server\app-page-turbo.runtime.
prod.js:2:109985)
Error occurred prerendering page 
"/anomalies". Read more: https://nextjs.or
g/docs/messages/prerender-error
Export encountered an error on 
/(dashboard)/anomalies/page: /anomalies, 
exiting the build.
Γ¿» Next.js build worker exited with 
code: 1 and signal: null
